<?xml version="1.0" encoding="UTF-8"?>
<!-- Generated by org.testng.reporters.JUnitXMLReporter -->
<testsuite ignored="0" hostname="LAPTOP-JCNGABEJ" failures="2" tests="5" name="AccountsPage Test" time="9.575" errors="0" timestamp="2021-11-24T10:40:17 CST">
  <testcase classname="com.qa.hubspot.tests.AccountsPageTest" name="accountsPageTitleTest" time="0.064"/>
  <testcase classname="com.qa.hubspot.tests.AccountsPageTest" name="verifyAccountsPageHeaderTest" time="0.133"/>
  <testcase classname="com.qa.hubspot.tests.AccountsPageTest" name="verifyMyAccountSectionTest" time="0.049">
    <failure type="java.lang.AssertionError" message="expected [true] but found [false]">
      <![CDATA[java.lang.AssertionError: expected [true] but found [false]
at com.qa.hubspot.tests.AccountsPageTest.verifyMyAccountSectionTest(AccountsPageTest.java:41)
at java.base/java.util.ArrayList.forEach(ArrayList.java:1541)
... Removed 31 stack frames]]>
    </failure>
  </testcase> <!-- verifyMyAccountSectionTest -->
  <testcase classname="com.qa.hubspot.tests.AccountsPageTest" name="verifyMyAccountSectionListTest" time="0.034">
    <failure type="java.lang.AssertionError" message="lists don&amp;apos;t have the same size expected [4] but found [0]">
      <![CDATA[java.lang.AssertionError: lists don't have the same size expected [4] but found [0]
at com.qa.hubspot.tests.AccountsPageTest.verifyMyAccountSectionListTest(AccountsPageTest.java:47)
at java.base/java.util.ArrayList.forEach(ArrayList.java:1541)
... Removed 34 stack frames]]>
    </failure>
  </testcase> <!-- verifyMyAccountSectionListTest -->
  <testcase classname="com.qa.hubspot.tests.AccountsPageTest" name="searchTest" time="0.682"/>
</testsuite> <!-- AccountsPage Test -->
