<?xml version="1.0" encoding="UTF-8"?>
<!-- Generated by org.testng.reporters.JUnitXMLReporter -->
<testsuite ignored="0" hostname="LAPTOP-JCNGABEJ" failures="0" tests="3" name="LoginPage Test" time="13.81" errors="0" timestamp="2021-11-24T10:40:07 CST">
  <testcase classname="com.qa.hubspot.tests.LoginPageTest" name="verifyLoginPageTitleTest" time="0.988"/>
  <testcase classname="com.qa.hubspot.tests.LoginPageTest" name="verifyForgorPasswordLinkTest" time="0.359"/>
  <testcase classname="com.qa.hubspot.tests.LoginPageTest" name="loginTest" time="1.812"/>
</testsuite> <!-- LoginPage Test -->
