<?xml version="1.0" encoding="UTF-8"?>
<!-- Generated by org.testng.reporters.JUnitXMLReporter -->
<testsuite ignored="0" hostname="LAPTOP-JCNGABEJ" failures="0" tests="3" name="LoginPage Test" time="14.872" errors="0" timestamp="2021-11-13T07:39:10 CST">
  <testcase classname="com.qa.hubspot.tests.LoginPageTest" name="verifyLoginPageTitleTest" time="0.559"/>
  <testcase classname="com.qa.hubspot.tests.LoginPageTest" name="verifyForgorPasswordLinkTest" time="0.21"/>
  <testcase classname="com.qa.hubspot.tests.LoginPageTest" name="loginTest" time="1.363"/>
</testsuite> <!-- LoginPage Test -->
