<?xml version="1.0" encoding="UTF-8"?>
<!-- Generated by org.testng.reporters.JUnitXMLReporter -->
<testsuite ignored="1" hostname="LAPTOP-JCNGABEJ" failures="1" tests="2" name="ProductInfoPage Test" time="8.738" errors="0" timestamp="2021-11-24T10:40:38 CST">
  <testcase classname="com.qa.hubspot.tests.ProductInfoTest" name="verifyProductInfoTest_iMac" time="3.068"/>
  <testcase classname="com.qa.hubspot.tests.ProductInfoTest" name="productInfoPageTitleTest_iMac" time="0.658">
    <failure type="java.lang.AssertionError" message="expected [iMac] but found [Search - iMaciMac]">
      <![CDATA[java.lang.AssertionError: expected [iMac] but found [Search - iMaciMac]
at com.qa.hubspot.tests.ProductInfoTest.productInfoPageTitleTest_iMac(ProductInfoTest.java:26)
at java.base/java.util.ArrayList.forEach(ArrayList.java:1541)
... Removed 33 stack frames]]>
    </failure>
  </testcase> <!-- productInfoPageTitleTest_iMac -->
  <testcase classname="com.qa.hubspot.tests.ProductInfoTest" name="verifyProductInfoTest_MacBook" time="0.0">
    <ignored/>
  </testcase> <!-- verifyProductInfoTest_MacBook -->
</testsuite> <!-- ProductInfoPage Test -->
