<?xml version="1.0" encoding="UTF-8"?>
<!-- Generated by org.testng.reporters.JUnitXMLReporter -->
<testsuite ignored="0" hostname="LAPTOP-JCNGABEJ" failures="0" tests="4" name="RegistrationPage Test" time="12.964" errors="0" timestamp="2021-11-24T10:40:30 CST">
  <testcase classname="com.qa.hubspot.tests.RegisterPageTest" name="userRegistrationTest" time="2.409"/>
  <testcase classname="com.qa.hubspot.tests.RegisterPageTest" name="userRegistrationTest" time="1.212"/>
  <testcase classname="com.qa.hubspot.tests.RegisterPageTest" name="userRegistrationTest" time="1.127"/>
  <testcase classname="com.qa.hubspot.tests.RegisterPageTest" name="userRegistrationTest" time="0.953"/>
</testsuite> <!-- RegistrationPage Test -->
