<?xml version="1.0" encoding="UTF-8"?>
<!-- Generated by org.testng.reporters.JUnitXMLReporter -->
<testsuite ignored="0" hostname="LAPTOP-JCNGABEJ" failures="0" tests="4" name="RegistrationPage Test" time="16.091" errors="0" timestamp="2021-11-13T07:39:26 CST">
  <testcase classname="com.qa.hubspot.tests.RegisterPageTest" name="userRegistrationTest" time="3.274"/>
  <testcase classname="com.qa.hubspot.tests.RegisterPageTest" name="userRegistrationTest" time="2.19"/>
  <testcase classname="com.qa.hubspot.tests.RegisterPageTest" name="userRegistrationTest" time="1.189"/>
  <testcase classname="com.qa.hubspot.tests.RegisterPageTest" name="userRegistrationTest" time="0.944"/>
</testsuite> <!-- RegistrationPage Test -->
