<?xml version="1.0" encoding="UTF-8"?>
<!-- Generated by org.testng.reporters.JUnitXMLReporter -->
<testsuite ignored="0" hostname="LAPTOP-JCNGABEJ" failures="0" tests="3" name="Default test" time="23.826" errors="0" timestamp="2021-11-26T09:39:21 CST">
  <testcase classname="com.qa.hubspot.tests.LoginPageTest" name="verifyLoginPageTitleTest" time="0.99"/>
  <testcase classname="com.qa.hubspot.tests.LoginPageTest" name="verifyForgorPasswordLinkTest" time="2.958"/>
  <testcase classname="com.qa.hubspot.tests.LoginPageTest" name="loginTest" time="9.003"/>
</testsuite> <!-- Default test -->
