<?xml version="1.0" encoding="UTF-8"?>
<!-- Generated by org.testng.reporters.JUnitXMLReporter -->
<testsuite ignored="0" hostname="LAPTOP-JCNGABEJ" failures="0" tests="4" name="Default test" time="17.869" errors="0" timestamp="2021-11-12T15:46:21 CST">
  <testcase classname="com.qa.hubspot.tests.RegisterPageTest" name="userRegistrationTest" time="2.453"/>
  <testcase classname="com.qa.hubspot.tests.RegisterPageTest" name="userRegistrationTest" time="1.54"/>
  <testcase classname="com.qa.hubspot.tests.RegisterPageTest" name="userRegistrationTest" time="0.983"/>
  <testcase classname="com.qa.hubspot.tests.RegisterPageTest" name="userRegistrationTest" time="0.82"/>
</testsuite> <!-- Default test -->
