<?xml version="1.0" encoding="UTF-8"?>
<testng-results ignored="0" total="3" passed="3" failed="0" skipped="0">
  <reporter-output>
  </reporter-output>
  <suite started-at="2021-11-26T09:38:57 CST" name="Default suite" finished-at="2021-11-26T09:39:21 CST" duration-ms="23826">
    <groups>
    </groups>
    <test started-at="2021-11-26T09:38:57 CST" name="Default test" finished-at="2021-11-26T09:39:21 CST" duration-ms="23826">
      <class name="com.qa.hubspot.tests.LoginPageTest">
        <test-method is-config="true" signature="setUp()[pri:0, instance:com.qa.hubspot.tests.LoginPageTest@7435a578]" started-at="2021-11-26T09:38:57 CST" name="setUp" finished-at="2021-11-26T09:39:05 CST" duration-ms="8362" status="PASS">
          <reporter-output>
          </reporter-output>
        </test-method> <!-- setUp -->
        <test-method signature="verifyLoginPageTitleTest()[pri:1, instance:com.qa.hubspot.tests.LoginPageTest@7435a578]" started-at="2021-11-26T09:39:05 CST" name="verifyLoginPageTitleTest" finished-at="2021-11-26T09:39:06 CST" duration-ms="990" status="PASS">
          <reporter-output>
          </reporter-output>
        </test-method> <!-- verifyLoginPageTitleTest -->
        <test-method signature="verifyForgorPasswordLinkTest()[pri:2, instance:com.qa.hubspot.tests.LoginPageTest@7435a578]" started-at="2021-11-26T09:39:07 CST" name="verifyForgorPasswordLinkTest" finished-at="2021-11-26T09:39:10 CST" duration-ms="2958" status="PASS">
          <reporter-output>
          </reporter-output>
        </test-method> <!-- verifyForgorPasswordLinkTest -->
        <test-method signature="loginTest()[pri:3, instance:com.qa.hubspot.tests.LoginPageTest@7435a578]" started-at="2021-11-26T09:39:10 CST" name="loginTest" finished-at="2021-11-26T09:39:19 CST" duration-ms="9003" status="PASS">
          <reporter-output>
          </reporter-output>
        </test-method> <!-- loginTest -->
        <test-method is-config="true" signature="tearDown()[pri:0, instance:com.qa.hubspot.tests.LoginPageTest@7435a578]" started-at="2021-11-26T09:39:19 CST" name="tearDown" finished-at="2021-11-26T09:39:21 CST" duration-ms="1658" status="PASS">
          <reporter-output>
          </reporter-output>
        </test-method> <!-- tearDown -->
      </class> <!-- com.qa.hubspot.tests.LoginPageTest -->
    </test> <!-- Default test -->
  </suite> <!-- Default suite -->
</testng-results>
